1634754207156	geckodriver	INFO	Listening on 127.0.0.1:40173
1634754208153	mozrunner::runner	INFO	Running command: "/usr/bin/firefox" "--marionette" "-foreground" "-no-remote" "-profile" "/tmp/rust_mozprofilehHacY3"
1634754209670	Marionette	INFO	Marionette enabled
console.warn: SearchSettings: "get: No settings file exists, new profile?" (new NotFoundError("Could not open the file at /tmp/rust_mozprofilehHacY3/search.json.mozlz4", (void 0)))
1634754211244	Marionette	INFO	Listening on port 34395
1634754211308	RemoteAgent	WARN	TLS certificate errors will be ignored for this session
1634754211329	Marionette	INFO	Stopped listening on port 34395
JavaScript error: resource:///modules/Interactions.jsm, line 201: NS_ERROR_FAILURE: Component returned failure code: 0x80004005 (NS_ERROR_FAILURE) [nsIUserIdleService.removeIdleObserver]
1634754211982	geckodriver	INFO	Listening on 127.0.0.1:42703
1634754211991	mozrunner::runner	INFO	Running command: "/usr/bin/firefox" "--marionette" "-headless" "-foreground" "-no-remote" "-profile" "/tmp/rust_mozprofilesww6MT"
*** You are running in headless mode.
1634754212317	Marionette	INFO	Marionette enabled
[GFX1-]: RenderCompositorSWGL failed mapping default framebuffer, no dt
console.warn: SearchSettings: "get: No settings file exists, new profile?" (new NotFoundError("Could not open the file at /tmp/rust_mozprofilesww6MT/search.json.mozlz4", (void 0)))
1634754213266	Marionette	INFO	Listening on port 41031
1634754213315	RemoteAgent	WARN	TLS certificate errors will be ignored for this session
console.log: WebExtensions: reset-default-search: starting.
console.log: WebExtensions: reset-default-search: No addons in our list are installed.
1635073013980	Marionette	INFO	Stopped listening on port 41031
JavaScript error: resource:///modules/Interactions.jsm, line 201: NS_ERROR_FAILURE: Component returned failure code: 0x80004005 (NS_ERROR_FAILURE) [nsIUserIdleService.removeIdleObserver]

###!!! [Parent][RunMessage] Error: Channel closing: too late to send/recv, messages will be lost

